<?xml version="1.0" encoding="UTF-8"?>
<!-- Generated by org.testng.reporters.JUnitXMLReporter -->
<testsuite hostname="NGBLR-00840" ignored="0" name="Test" tests="4" failures="1" timestamp="30 Nov 2019 17:14:44 GMT" time="1.48" errors="0">
  <testcase name="Oauth" time="0.0" classname="RestAPI.APITest"/>
  <testcase name="Serialize" time="0.0" classname="RestAPI.APITest"/>
  <testcase name="jira" time="0.004" classname="RestAPI.APITest">
    <failure type="java.lang.AssertionError" message="null">
      <![CDATA[java.lang.AssertionError: null
at RestAPI.APITest.jira(APITest.java:11)
... Removed 27 stack frames]]>
    </failure>
  </testcase> <!-- jira -->
  <testcase name="xmladddelete" time="1.448" classname="RestAPI.adddeleteplacexmlTest"/>
</testsuite> <!-- Test -->
