<?xml version="1.0" encoding="UTF-8"?>
<!-- Generated by org.testng.reporters.JUnitXMLReporter -->
<testsuite hostname="NGBLR-00840" ignored="1" name="Test" tests="3" failures="0" timestamp="17 Nov 2019 10:41:57 GMT" time="0.02" errors="0">
  <testcase name="Browser" time="0.004" classname="RestAPI.SeleniumTest"/>
  <testcase name="Oauth" time="0.0" classname="RestAPI.APITest"/>
  <testcase name="jira" time="0.0" classname="RestAPI.APITest"/>
  <testcase name="elementsUI" time="0.0" classname="RestAPI.SeleniumTest">
    <ignored/>
  </testcase> <!-- elementsUI -->
</testsuite> <!-- Test -->
