<?xml version="1.0" encoding="UTF-8"?>
<testng-results skipped="0" failed="1" ignored="0" total="4" passed="3">
  <reporter-output>
  </reporter-output>
  <suite name="Suite" duration-ms="1480" started-at="2019-11-30T17:14:43Z" finished-at="2019-11-30T17:14:44Z">
    <groups>
    </groups>
    <test name="Test" duration-ms="1480" started-at="2019-11-30T17:14:43Z" finished-at="2019-11-30T17:14:44Z">
      <class name="RestAPI.APITest">
        <test-method status="PASS" signature="Oauth()[pri:0, instance:RestAPI.APITest@10d307f1]" name="Oauth" duration-ms="0" started-at="2019-11-30T17:14:43Z" finished-at="2019-11-30T17:14:43Z">
          <reporter-output>
          </reporter-output>
        </test-method> <!-- Oauth -->
        <test-method status="PASS" signature="Serialize()[pri:0, instance:RestAPI.APITest@10d307f1]" name="Serialize" duration-ms="0" started-at="2019-11-30T17:14:43Z" finished-at="2019-11-30T17:14:43Z">
          <reporter-output>
          </reporter-output>
        </test-method> <!-- Serialize -->
        <test-method status="FAIL" signature="jira()[pri:0, instance:RestAPI.APITest@10d307f1]" name="jira" duration-ms="4" started-at="2019-11-30T17:14:43Z" finished-at="2019-11-30T17:14:43Z">
          <exception class="java.lang.AssertionError">
            <message>
              <![CDATA[null]]>
            </message>
            <full-stacktrace>
              <![CDATA[java.lang.AssertionError: null
at org.testng.Assert.fail(Assert.java:96)
at org.testng.Assert.fail(Assert.java:103)
at RestAPI.APITest.jira(APITest.java:11)
at sun.reflect.NativeMethodAccessorImpl.invoke0(Native Method)
at sun.reflect.NativeMethodAccessorImpl.invoke(NativeMethodAccessorImpl.java:62)
at sun.reflect.DelegatingMethodAccessorImpl.invoke(DelegatingMethodAccessorImpl.java:43)
at java.lang.reflect.Method.invoke(Method.java:498)
at org.testng.internal.MethodInvocationHelper.invokeMethod(MethodInvocationHelper.java:124)
at org.testng.internal.Invoker.invokeMethod(Invoker.java:583)
at org.testng.internal.Invoker.invokeTestMethod(Invoker.java:719)
at org.testng.internal.Invoker.invokeTestMethods(Invoker.java:989)
at org.testng.internal.TestMethodWorker.invokeTestMethods(TestMethodWorker.java:125)
at org.testng.internal.TestMethodWorker.run(TestMethodWorker.java:109)
at org.testng.TestRunner.privateRun(TestRunner.java:648)
at org.testng.TestRunner.run(TestRunner.java:505)
at org.testng.SuiteRunner.runTest(SuiteRunner.java:455)
at org.testng.SuiteRunner.runSequentially(SuiteRunner.java:450)
at org.testng.SuiteRunner.privateRun(SuiteRunner.java:415)
at org.testng.SuiteRunner.run(SuiteRunner.java:364)
at org.testng.SuiteRunnerWorker.runSuite(SuiteRunnerWorker.java:52)
at org.testng.SuiteRunnerWorker.run(SuiteRunnerWorker.java:84)
at org.testng.TestNG.runSuitesSequentially(TestNG.java:1208)
at org.testng.TestNG.runSuitesLocally(TestNG.java:1137)
at org.testng.TestNG.runSuites(TestNG.java:1049)
at org.testng.TestNG.run(TestNG.java:1017)
at org.testng.remote.AbstractRemoteTestNG.run(AbstractRemoteTestNG.java:115)
at org.testng.remote.RemoteTestNG.initAndRun(RemoteTestNG.java:251)
at org.testng.remote.RemoteTestNG.main(RemoteTestNG.java:77)
]]>
            </full-stacktrace>
          </exception> <!-- java.lang.AssertionError -->
          <reporter-output>
          </reporter-output>
        </test-method> <!-- jira -->
      </class> <!-- RestAPI.APITest -->
      <class name="RestAPI.adddeleteplacexmlTest">
        <test-method status="PASS" signature="readprop()[pri:0, instance:RestAPI.adddeleteplacexmlTest@49c7b90e]" name="readprop" is-config="true" duration-ms="8" started-at="2019-11-30T17:14:43Z" finished-at="2019-11-30T17:14:43Z">
          <reporter-output>
          </reporter-output>
        </test-method> <!-- readprop -->
        <test-method status="PASS" signature="xmladddelete()[pri:0, instance:RestAPI.adddeleteplacexmlTest@49c7b90e]" name="xmladddelete" duration-ms="1448" started-at="2019-11-30T17:14:43Z" finished-at="2019-11-30T17:14:44Z">
          <reporter-output>
          </reporter-output>
        </test-method> <!-- xmladddelete -->
      </class> <!-- RestAPI.adddeleteplacexmlTest -->
    </test> <!-- Test -->
  </suite> <!-- Suite -->
</testng-results>
