<?xml version="1.0" encoding="UTF-8"?>
<!-- Generated by org.testng.reporters.JUnitXMLReporter -->
<testsuite hostname="NGBLR-00840" ignored="0" name="Command line test" tests="9" failures="2" timestamp="30 Nov 2019 17:12:44 GMT" time="3.832" errors="0">
  <testcase name="xmladddelete" time="0.464" classname="RestAPI.adddeleteplacexmlTest">
    <failure type="java.lang.IllegalArgumentException" message="baseURI cannot be null">
      <![CDATA[java.lang.IllegalArgumentException: baseURI cannot be null
at org.codehaus.groovy.runtime.callsite.ConstructorSite$ConstructorSiteNoUnwrap.callConstructor(ConstructorSite.java:84)
at org.codehaus.groovy.runtime.callsite.CallSiteArray.defaultCallConstructor(CallSiteArray.java:59)
at org.codehaus.groovy.runtime.callsite.AbstractCallSite.callConstructor(AbstractCallSite.java:237)
at org.codehaus.groovy.runtime.callsite.AbstractCallSite.callConstructor(AbstractCallSite.java:249)
at io.restassured.internal.common.assertion.AssertParameter.notNull(AssertParameter.groovy:26)
at io.restassured.internal.common.assertion.AssertParameter$notNull.callStatic(Unknown Source)
at org.codehaus.groovy.runtime.callsite.CallSiteArray.defaultCallStatic(CallSiteArray.java:55)
at org.codehaus.groovy.runtime.callsite.AbstractCallSite.callStatic(AbstractCallSite.java:196)
at org.codehaus.groovy.runtime.callsite.AbstractCallSite.callStatic(AbstractCallSite.java:216)
at io.restassured.internal.RequestSpecificationImpl.<init>(RequestSpecificationImpl.groovy:135)
at io.restassured.RestAssured.createTestSpecification(RestAssured.java:1462)
at io.restassured.RestAssured.given(RestAssured.java:663)
at RestAPI.adddeleteplacexmlTest.xmladddelete(adddeleteplacexmlTest.java:48)
... Removed 41 stack frames]]>
    </failure>
  </testcase> <!-- xmladddelete -->
  <testcase name="addplace_postrequest" time="1.244" classname="RestAPI.AddplaceTest"/>
  <testcase name="Oauth" time="0.004" classname="RestAPI.APITest"/>
  <testcase name="Serialize" time="0.0" classname="RestAPI.APITest"/>
  <testcase name="jira" time="0.004" classname="RestAPI.APITest">
    <failure type="java.lang.AssertionError" message="null">
      <![CDATA[java.lang.AssertionError: null
at RestAPI.APITest.jira(APITest.java:11)
... Removed 37 stack frames]]>
    </failure>
  </testcase> <!-- jira -->
  <testcase name="deleteplace_deleteresquest" time="0.288" classname="RestAPI.DeleteplaceTest"/>
  <testcase name="place" time="1.8" classname="RestAPI.Searchplace_apiTest"/>
  <testcase name="Browser" time="0.0" classname="RestAPI.SeleniumTest"/>
  <testcase name="elementsUI" time="0.0" classname="RestAPI.SeleniumTest"/>
</testsuite> <!-- Command line test -->
