<?xml version="1.0" encoding="UTF-8" ?>
<testsuite tests="9" failures="2" name="TestSuite" time="3.812" errors="0" skipped="0">
  <properties>
[...]
</properties>
  <testcase classname="RestAPI.adddeleteplacexmlTest" name="xmladddelete" time="0.468">
    <failure message="baseURI cannot be null" type="java.lang.IllegalArgumentException">java.lang.IllegalArgumentException: baseURI cannot be null
	at sun.reflect.NativeConstructorAccessorImpl.newInstance0(Native Method)
	at sun.reflect.NativeConstructorAccessorImpl.newInstance(NativeConstructorAccessorImpl.java:62)
	at sun.reflect.DelegatingConstructorAccessorImpl.newInstance(DelegatingConstructorAccessorImpl.java:45)
	at java.lang.reflect.Constructor.newInstance(Constructor.java:423)
	at org.codehaus.groovy.reflection.CachedConstructor.invoke(CachedConstructor.java:80)
	at org.codehaus.groovy.reflection.CachedConstructor.doConstructorInvoke(CachedConstructor.java:74)
	at org.codehaus.groovy.runtime.callsite.ConstructorSite$ConstructorSiteNoUnwrap.callConstructor(ConstructorSite.java:84)
	at org.codehaus.groovy.runtime.callsite.CallSiteArray.defaultCallConstructor(CallSiteArray.java:59)
	at org.codehaus.groovy.runtime.callsite.AbstractCallSite.callConstructor(AbstractCallSite.java:237)
	at org.codehaus.groovy.runtime.callsite.AbstractCallSite.callConstructor(AbstractCallSite.java:249)
	at io.restassured.internal.common.assertion.AssertParameter.notNull(AssertParameter.groovy:26)
	at io.restassured.internal.common.assertion.AssertParameter$notNull.callStatic(Unknown Source)
	at org.codehaus.groovy.runtime.callsite.CallSiteArray.defaultCallStatic(CallSiteArray.java:55)
	at org.codehaus.groovy.runtime.callsite.AbstractCallSite.callStatic(AbstractCallSite.java:196)
	at org.codehaus.groovy.runtime.callsite.AbstractCallSite.callStatic(AbstractCallSite.java:216)
	at io.restassured.internal.RequestSpecificationImpl.&lt;init&gt;(RequestSpecificationImpl.groovy:135)
	at io.restassured.RestAssured.createTestSpecification(RestAssured.java:1462)
	at io.restassured.RestAssured.given(RestAssured.java:663)
	at RestAPI.adddeleteplacexmlTest.xmladddelete(adddeleteplacexmlTest.java:48)
</failure>
    <system-out>Configuring TestNG with: org.apache.maven.surefire.testng.conf.TestNG652Configurator@66133adc
</system-out>
  </testcase>
  <testcase classname="RestAPI.AddplaceTest" name="addplace_postrequest" time="1.252"/>
  <testcase classname="RestAPI.APITest" name="Oauth" time="0"/>
  <testcase classname="RestAPI.APITest" name="Serialize" time="0"/>
  <testcase classname="RestAPI.APITest" name="jira" time="0.004">
    <failure type="java.lang.AssertionError:">java.lang.AssertionError: null
	at org.testng.Assert.fail(Assert.java:96)
	at org.testng.Assert.fail(Assert.java:103)
	at RestAPI.APITest.jira(APITest.java:11)
</failure>
  </testcase>
  <testcase classname="RestAPI.DeleteplaceTest" name="deleteplace_deleteresquest" time="0.288"/>
  <testcase classname="RestAPI.Searchplace_apiTest" name="place" time="1.8"/>
  <testcase classname="RestAPI.SeleniumTest" name="Browser" time="0"/>
  <testcase classname="RestAPI.SeleniumTest" name="elementsUI" time="0"/>
</testsuite>